<?xml version="1.0" encoding="UTF-8" ?>
<testsuite errors="0" failures="0" hostname="IS-MEB-L0023" name="com.mcnz.rps.GameSummaryTest" skipped="0" tests="4" time="0.179" timestamp="2021-07-06T19:47:34">
  <properties>
    <property name="java.vendor" value="Oracle Corporation" />
    <property name="sun.java.launcher" value="SUN_STANDARD" />
    <property name="sun.management.compiler" value="HotSpot 64-Bit Tiered Compilers" />
    <property name="maven.build.srcDir.0" value="src/main/java" />
    <property name="os.name" value="Windows 10" />
    <property name="java.vm.specification.vendor" value="Oracle Corporation" />
    <property name="ant.home" value="C:\apache-ant-1.9.15\bin\.." />
    <property name="java.runtime.version" value="16.0.1+9-24" />
    <property name="maven.build.resourceDir.0" value="src/main/resources" />
    <property name="project.build.sourceEncoding" value="UTF-8" />
    <property name="user.name" value="LOCAL SERVICE" />
    <property name="maven.build.outputDir" value="target/classes" />
    <property name="maven.repo.local" value="C:\windows\ServiceProfiles\LocalService/.m2/repository" />
    <property name="maven.build.finalName" value="roshambo" />
    <property name="maven.build.testDir.0" value="src/test/java" />
    <property name="user.language" value="en" />
    <property name="sun.boot.library.path" value="C:\Program Files\Java\jdk-16.0.1\bin" />
    <property name="ant.project.default-target" value="package" />
    <property name="maven.reporting.outputDirectory" value="target/site" />
    <property name="ant.project.name" value="roshambo" />
    <property name="java.vm.compressedOopsMode" value="Zero based" />
    <property name="java.version" value="16.0.1" />
    <property name="sun.arch.data.model" value="64" />
    <property name="sun.cpu.isalist" value="amd64" />
    <property name="sun.jnu.encoding" value="Cp1252" />
    <property name="file.separator" value="\" />
    <property name="java.specification.name" value="Java Platform API Specification" />
    <property name="java.class.version" value="60.0" />
    <property name="user.country" value="US" />
    <property name="java.home" value="C:\Program Files\Java\jdk-16.0.1" />
    <property name="java.vm.info" value="mixed mode, sharing" />
    <property name="ant.file" value="C:\JENKINSHOME\workspace\SampleWebApp\build.xml" />
    <property name="os.version" value="10.0" />
    <property name="maven.compiler.target" value="1.8" />
    <property name="maven.build.testOutputDir" value="target/test-classes" />
    <property name="path.separator" value=";" />
    <property name="java.vm.version" value="16.0.1+9-24" />
    <property name="maven.build.dir" value="target" />
    <property name="maven.test.reports" value="target/test-reports" />
    <property name="user.variant" value="" />
    <property name="ant.library.dir" value="C:\apache-ant-1.9.15\lib" />
    <property name="sun.io.unicode.encoding" value="UnicodeLittle" />
    <property name="user.script" value="" />
    <property name="project.build.outputDirectory" value="target/classes" />
    <property name="ant.file.type.roshambo" value="file" />
    <property name="user.home" value="C:\windows\ServiceProfiles\LocalService" />
    <property name="java.version.date" value="2021-04-20" />
    <property name="java.specification.vendor" value="Oracle Corporation" />
    <property name="java.library.path" value="C:\Program Files\Java\jdk-16.0.1\bin;C:\windows\Sun\Java\bin;C:\windows\system32;C:\windows;C:\Program Files (x86)\Java\jre1.8.0_271\bin;C:\Program Files\Java\jdk-16.0.1\bin;C:\Program Files\Common Files\Oracle\Java\javapath;C:\Program Files (x86)\Common Files\Oracle\Java\javapath;C:\Users\vtodkar\Oracle\bin;C:\Program Files (x86)\Oracle\jre\1.1.8\bin;C:\windows\system32;C:\windows;C:\windows\System32\Wbem;C:\windows\System32\WindowsPowerShell\v1.0\;C:\windows\System32\OpenSSH\;C:\Program Files (x86)\Webex\Plugins;C:\Program Files (x86)\Intel\Intel(R) Management Engine Components\DAL;C:\Program Files\Intel\Intel(R) Management Engine Components\DAL;C:\Program Files (x86)\SSH Communications Security\SSH Tectia\SSH Tectia AUX;C:\Program Files (x86)\SSH Communications Security\SSH Tectia\SSH Tectia AUX\Support binaries;C:\Program Files (x86)\SSH Communications Security\SSH Tectia\SSH Tectia Broker;C:\Program Files (x86)\SSH Communications Security\SSH Tectia\SSH Tectia Client;C:\Program Files (x86)\Borland\StarTeam SDK 9.2\Lib;C:\Program Files (x86)\Borland\StarTeam SDK 9.2\Bin;C:\Program Files\PuTTY\;C:\Program Files\Amazon\AWSCLIV2\;C:\Program Files\Docker\Docker\resources\bin;C:\ProgramData\DockerDesktop\version-bin;C:\Program Files\Git\cmd;C:\apache-ant-1.9.15\bin;C:\windows\ServiceProfiles\LocalService\AppData\Local\Microsoft\WindowsApps;." />
    <property name="java.vendor.url" value="https://java.oracle.com/" />
    <property name="maven.settings.offline" value="false" />
    <property name="java.vm.vendor" value="Oracle Corporation" />
    <property name="maven.settings.interactiveMode" value="true" />
    <property name="java.runtime.name" value="Java(TM) SE Runtime Environment" />
    <property name="ant.version" value="Apache Ant(TM) version 1.9.15 compiled on May 10 2020" />
    <property name="sun.java.command" value="org.apache.tools.ant.taskdefs.optional.junit.JUnitTestRunner com.mcnz.rps.GameSummaryTest skipNonTests=false filtertrace=true haltOnError=true haltOnFailure=true formatter=org.apache.tools.ant.taskdefs.optional.junit.SummaryJUnitResultFormatter showoutput=false outputtoformatters=true logfailedtests=true threadid=0 logtestlistenerevents=false formatter=org.apache.tools.ant.taskdefs.optional.junit.XMLJUnitResultFormatter,C:\JENKINSHOME\workspace\SampleWebApp\target\test-reports\TEST-com.mcnz.rps.GameSummaryTest.xml formatter=org.apache.tools.ant.taskdefs.optional.junit.PlainJUnitResultFormatter crashfile=C:\JENKINSHOME\workspace\SampleWebApp\junitvmwatcher17569822833379388679.properties propsfile=C:\JENKINSHOME\workspace\SampleWebApp\junit7226846744368215687.properties" />
    <property name="java.class.path" value="C:\windows\ServiceProfiles\LocalService\.m2\repository\junit\junit\4.13.1\junit-4.13.1.jar;C:\windows\ServiceProfiles\LocalService\.m2\repository\org\hamcrest\hamcrest-core\1.3\hamcrest-core-1.3.jar;C:\JENKINSHOME\workspace\SampleWebApp\target\classes;C:\JENKINSHOME\workspace\SampleWebApp\target\test-classes;C:\apache-ant-1.9.15\lib\ant-launcher.jar;C:\apache-ant-1.9.15\lib\ant.jar;C:\apache-ant-1.9.15\lib\ant-junit.jar;C:\apache-ant-1.9.15\lib\ant-junit4.jar" />
    <property name="project.build.directory" value="target" />
    <property name="jdk.debug" value="release" />
    <property name="java.vm.specification.name" value="Java Virtual Machine Specification" />
    <property name="ant.file.type" value="file" />
    <property name="java.vm.specification.version" value="16" />
    <property name="sun.cpu.endian" value="little" />
    <property name="sun.os.patch.level" value="" />
    <property name="java.io.tmpdir" value="C:\windows\SERVIC~1\LOCALS~1\AppData\Local\Temp\" />
    <property name="junit.present" value="true" />
    <property name="ant.file.roshambo-from-maven" value="C:\JENKINSHOME\workspace\SampleWebApp\maven-build.xml" />
    <property name="ant.file.type.roshambo-from-maven" value="file" />
    <property name="java.vendor.url.bug" value="https://bugreport.java.com/bugreport/" />
    <property name="maven.compiler.source" value="1.8" />
    <property name="maven.build.testResourceDir.0" value="src/test/resources" />
    <property name="os.arch" value="amd64" />
    <property name="user.dir" value="C:\JENKINSHOME\workspace\SampleWebApp" />
    <property name="line.separator" value="&#xd;&#xa;" />
    <property name="java.vm.name" value="Java HotSpot(TM) 64-Bit Server VM" />
    <property name="basedir" value="." />
    <property name="ant.java.version" value="16" />
    <property name="ant.core.lib" value="C:\apache-ant-1.9.15\lib\ant.jar" />
    <property name="file.encoding" value="Cp1252" />
    <property name="ant.file.roshambo" value="C:\JENKINSHOME\workspace\SampleWebApp\build.xml" />
    <property name="java.specification.version" value="16" />
    <property name="ant.project.invoked-targets" value="war" />
  </properties>
  <testcase classname="com.mcnz.rps.GameSummaryTest" name="testGetClientGesture" time="0.004" />
  <testcase classname="com.mcnz.rps.GameSummaryTest" name="testGetServerGesture" time="0.001" />
  <testcase classname="com.mcnz.rps.GameSummaryTest" name="testGetDate" time="0.0" />
  <testcase classname="com.mcnz.rps.GameSummaryTest" name="testGetResult" time="0.0" />
  <system-out><![CDATA[]]></system-out>
  <system-err><![CDATA[]]></system-err>
</testsuite>
